<?xml version="1.0" encoding="UTF-8"?>
<testng-results ignored="0" total="1" passed="1" failed="0" skipped="0">
  <reporter-output>
  </reporter-output>
  <suite started-at="2025-04-05T17:34:03 IST" name="Default suite" finished-at="2025-04-05T17:34:09 IST" duration-ms="5457">
    <groups>
    </groups>
    <test started-at="2025-04-05T17:34:03 IST" name="Default test" finished-at="2025-04-05T17:34:09 IST" duration-ms="5457">
      <class name="Assignment_Questions.Facebook_Alpha_Ques4">
        <test-method signature="facebook()[pri:0, instance:Assignment_Questions.Facebook_Alpha_Ques4@6cf0e0ba]" started-at="2025-04-05T17:34:03 IST" name="facebook" finished-at="2025-04-05T17:34:09 IST" duration-ms="5418" status="PASS">
          <reporter-output>
          </reporter-output>
        </test-method> <!-- facebook -->
      </class> <!-- Assignment_Questions.Facebook_Alpha_Ques4 -->
    </test> <!-- Default test -->
  </suite> <!-- Default suite -->
</testng-results>
